<?xml version="1.0" encoding="UTF-8"?>
<!-- Generated by org.testng.reporters.JUnitReportReporter -->
<testsuite skipped="0" hostname="MDRL602155" name="com.sample.selenium.automation.AppTest" tests="1" failures="0" timestamp="2019-08-28T15:48:11 IST" time="0.003" errors="0">
  <testcase name="testApp" time="0.003" classname="com.sample.selenium.automation.AppTest"/>
</testsuite> <!-- com.sample.selenium.automation.AppTest -->
