<?xml version="1.0" encoding="UTF-8"?>
<!-- Generated by org.testng.reporters.JUnitReportReporter -->
<testsuite skipped="0" hostname="MDRL602155" name="com.sample.selenium.automation.Newtest" tests="1" failures="0" timestamp="2019-08-28T15:48:11 IST" time="0.012" errors="0">
  <testcase name="Test1" time="0.012" classname="com.sample.selenium.automation.Newtest"/>
</testsuite> <!-- com.sample.selenium.automation.Newtest -->
